<?xml version="1.0" encoding="UTF-8"?>
<!-- Generated by org.testng.reporters.JUnitXMLReporter -->
<testsuite ignored="0" hostname="LAPTOP-1JIGLOKU" failures="0" tests="4" name="Test1" time="0.052" errors="0" timestamp="2022-07-25T11:56:44 IST">
  <testcase classname="demo.TestNGGroupsDemo2" name="test1" time="0.006"/>
  <testcase classname="demo.TestNGGroupsDemo2" name="test2" time="0.001"/>
  <testcase classname="demo.TestNGGroupsDemo2" name="test3" time="0.001"/>
  <testcase classname="demo.TestNGGroupsDemo2" name="test4" time="0.001"/>
</testsuite> <!-- Test1 -->
